[00:45:36.628] [INFO] storybook v10.2.16
[00:45:36.828] [DEBUG] Getting package.json info for /Users/lume/Work/pejla/frontend/package.json...
[00:45:37.124] [WARN] --host is set to 0.0.0.0 but no allowedHosts are defined. Allowing all hosts.
To restrict allowed hosts, set core.allowedHosts in your main Storybook config.
See: https://storybook.js.org/docs/api/main-config/main-config-core
[00:45:37.473] [DEBUG] Serving static files from frontend/node_modules/@chromatic-com/storybook/assets at /addon-visual-tests-assets
[00:45:37.473] [INFO] Starting...
[00:45:37.477] [WARN] No story files found for the specified pattern: src/**/*.mdx
[00:45:37.479] [WARN] unable to find package.json for radix-ui
[00:45:37.480] [WARN] unable to find package.json for @tailwindcss/vite
[00:45:37.597] [DEBUG] Starting preview..
[00:45:37.628] [ERROR] Failed to build the preview
[00:45:37.628] [ERROR] Error [ERR_MODULE_NOT_FOUND]: Cannot find package '@tailwindcss/vite' imported from ./node_modules/.vite-temp/vite.config.js.timestamp-1772873137624-118193f61e9ef8.mjs
    at Object.getPackageJSONURL (node:internal/modules/package_json_reader:301:9)
    at packageResolve (node:internal/modules/esm/resolve:768:81)
    at moduleResolve (node:internal/modules/esm/resolve:859:18)
    at defaultResolve (node:internal/modules/esm/resolve:991:11)
    at nextResolve (node:internal/modules/esm/hooks:769:28)
    at AsyncLoaderHooksOnLoaderHookWorker.resolve (node:internal/modules/esm/hooks:265:30)
    at MessagePort.handleMessage (node:internal/modules/esm/worker:251:24)
    at [nodejs.internal.kHybridDispatch] (node:internal/event_target:843:20)
    at MessagePort.<anonymous> (node:internal/per_context/messageport:23:28)
[00:45:37.628] [WARN] Broken build, fix the error above.
You may need to refresh the browser.